#! /c/Source/iverilog-install/bin/vvp
:ivl_version "12.0 (devel)" "(s20150603-1539-g2693dd32b)";
:ivl_delay_selection "TYPICAL";
:vpi_time_precision - 12;
:vpi_module "C:\iverilog\lib\ivl\system.vpi";
:vpi_module "C:\iverilog\lib\ivl\vhdl_sys.vpi";
:vpi_module "C:\iverilog\lib\ivl\vhdl_textio.vpi";
:vpi_module "C:\iverilog\lib\ivl\v2005_math.vpi";
:vpi_module "C:\iverilog\lib\ivl\va_math.vpi";
:vpi_module "C:\iverilog\lib\ivl\v2009.vpi";
S_0000028d6f00ee50 .scope package, "$unit" "$unit" 2 1;
 .timescale 0 0;
S_0000028d6f00efe0 .scope module, "diff_tx_tb_2" "diff_tx_tb_2" 3 4;
 .timescale -9 -12;
v0000028d6f0a0e40_0 .var "clk_in_r", 0 0;
v0000028d6f0a08a0_0 .var "clk_in_t", 0 0;
v0000028d6f0a0bc0_0 .net "code_out", 25 0, v0000028d6efd30f0_0;  1 drivers
v0000028d6f0a0da0_0 .var "data_in", 25 0;
v0000028d6f0a10c0_0 .net "data_out", 0 0, v0000028d6f0a0a80_0;  1 drivers
v0000028d6f0a0620_0 .net "new_code_out", 0 0, v0000028d6f01bcd0_0;  1 drivers
v0000028d6f0a0b20_0 .var "rst_in", 0 0;
v0000028d6f0a09e0_0 .var "trigger_in", 0 0;
S_0000028d6f01baa0 .scope module, "drx" "diff_rx" 3 17, 4 3 0, S_0000028d6f00efe0;
 .timescale -9 -12;
    .port_info 0 /INPUT 1 "clk_in";
    .port_info 1 /INPUT 1 "rst_in";
    .port_info 2 /INPUT 1 "data_in";
    .port_info 3 /OUTPUT 26 "code_out";
    .port_info 4 /OUTPUT 1 "new_code_out";
P_0000028d6f037920 .param/l "DATA_PERIOD" 0 4 4, +C4<00000000000000000000000000010100>;
P_0000028d6f037958 .param/real "HALF_DATA_PERIOD" 0 4 12, Cr<m5000000000000000gfc5>; value=10.0000
P_0000028d6f037990 .param/l "MARGIN" 0 4 4, +C4<00000000000000000000000000000010>;
P_0000028d6f0379c8 .param/real "QUARTER_DATA_PERIOD" 0 4 13, Cr<m5000000000000000gfc4>; value=5.00000
P_0000028d6f037a00 .param/real "THREE_QUARTER_DATA_PERIOD" 0 4 14, Cr<m7800000000000000gfc5>; value=15.0000
enum0000028d6f0f9dc0 .enum2/s (32)
   "IDLE" 0,
   "SL" 1,
   "SH" 2,
   "DL" 3,
   "DH0" 4,
   "DH1" 5,
   "DONE" 6
 ;
v0000028d6efd3550_0 .net "clk_in", 0 0, v0000028d6f0a0e40_0;  1 drivers
v0000028d6efd30f0_0 .var "code_out", 25 0;
v0000028d6f046770_0 .var "counter", 4 0;
v0000028d6f00f170_0 .var "data_buffer", 25 0;
v0000028d6f00f210_0 .var "data_buffer_index", 4 0;
v0000028d6f01bc30_0 .net "data_in", 0 0, v0000028d6f0a0a80_0;  alias, 1 drivers
v0000028d6f01bcd0_0 .var "new_code_out", 0 0;
v0000028d6f01bd70_0 .net "rst_in", 0 0, v0000028d6f0a0b20_0;  1 drivers
v0000028d6f01be10_0 .var/2s "state", 31 0;
E_0000028d6f03dc20 .event posedge, v0000028d6efd3550_0;
S_0000028d6f0a0030 .scope module, "dtx" "diff_tx" 3 9, 5 3 0, S_0000028d6f00efe0;
 .timescale -9 -12;
    .port_info 0 /INPUT 1 "clk_in";
    .port_info 1 /INPUT 1 "rst_in";
    .port_info 2 /INPUT 1 "trigger_in";
    .port_info 3 /INPUT 26 "data_in";
    .port_info 4 /OUTPUT 1 "data_out";
P_0000028d6f0a01c0 .param/l "DATA_PERIOD" 0 5 4, +C4<00000000000000000000000000010100>;
P_0000028d6f0a01f8 .param/real "HALF_DATA_PERIOD" 0 5 12, Cr<m5000000000000000gfc5>; value=10.0000
P_0000028d6f0a0230 .param/real "QUARTER_DATA_PERIOD" 0 5 13, Cr<m5000000000000000gfc4>; value=5.00000
P_0000028d6f0a0268 .param/real "THREE_QUARTER_DATA_PERIOD" 0 5 14, Cr<m7800000000000000gfc5>; value=15.0000
enum0000028d6f033970 .enum2/s (32)
   "IDLE" 0,
   "SYNC" 1,
   "ZERO" 2,
   "ONE" 3
 ;
v0000028d6f0a02b0_0 .net "clk_in", 0 0, v0000028d6f0a08a0_0;  1 drivers
v0000028d6f0a0350_0 .var "counter", 4 0;
v0000028d6f0a03f0_0 .var "current_data", 25 0;
v0000028d6f0a0490_0 .net "data_in", 25 0, v0000028d6f0a0da0_0;  1 drivers
v0000028d6f0a13e0_0 .var "data_index", 4 0;
v0000028d6f0a0a80_0 .var "data_out", 0 0;
v0000028d6f0a1480_0 .net "rst_in", 0 0, v0000028d6f0a0b20_0;  alias, 1 drivers
v0000028d6f0a1160_0 .var/2s "state", 31 0;
v0000028d6f0a0760_0 .net "trigger_in", 0 0, v0000028d6f0a09e0_0;  1 drivers
E_0000028d6f03de20 .event posedge, v0000028d6f0a02b0_0;
    .scope S_0000028d6f0a0030;
T_0 ;
    %wait E_0000028d6f03de20;
    %load/vec4 v0000028d6f0a1480_0;
    %flag_set/vec4 8;
    %jmp/0xz  T_0.0, 8;
    %pushi/vec4 0, 0, 32;
    %assign/vec4 v0000028d6f0a1160_0, 0;
    %pushi/vec4 0, 0, 5;
    %assign/vec4 v0000028d6f0a0350_0, 0;
    %pushi/vec4 25, 0, 5;
    %assign/vec4 v0000028d6f0a13e0_0, 0;
    %pushi/vec4 1, 0, 1;
    %assign/vec4 v0000028d6f0a0a80_0, 0;
    %jmp T_0.1;
T_0.0 ;
    %load/vec4 v0000028d6f0a1160_0;
    %dup/vec4;
    %pushi/vec4 1, 0, 32;
    %cmp/u;
    %jmp/1 T_0.2, 6;
    %dup/vec4;
    %pushi/vec4 2, 0, 32;
    %cmp/u;
    %jmp/1 T_0.3, 6;
    %dup/vec4;
    %pushi/vec4 3, 0, 32;
    %cmp/u;
    %jmp/1 T_0.4, 6;
    %pushi/vec4 1, 0, 1;
    %assign/vec4 v0000028d6f0a0a80_0, 0;
    %load/vec4 v0000028d6f0a0760_0;
    %flag_set/vec4 8;
    %jmp/0xz  T_0.7, 8;
    %pushi/vec4 1, 0, 32;
    %assign/vec4 v0000028d6f0a1160_0, 0;
    %pushi/vec4 1, 0, 5;
    %assign/vec4 v0000028d6f0a0350_0, 0;
    %load/vec4 v0000028d6f0a0490_0;
    %assign/vec4 v0000028d6f0a03f0_0, 0;
    %pushi/vec4 25, 0, 5;
    %assign/vec4 v0000028d6f0a13e0_0, 0;
    %pushi/vec4 0, 0, 1;
    %assign/vec4 v0000028d6f0a0a80_0, 0;
T_0.7 ;
    %jmp T_0.6;
T_0.2 ;
    %load/vec4 v0000028d6f0a0350_0;
    %cvt/rv;
    %pushi/real 1342177280, 4069; load=10.0000
    %cmp/wr;
    %jmp/0xz  T_0.9, 5;
    %pushi/vec4 0, 0, 1;
    %assign/vec4 v0000028d6f0a0a80_0, 0;
    %load/vec4 v0000028d6f0a0350_0;
    %addi 1, 0, 5;
    %assign/vec4 v0000028d6f0a0350_0, 0;
    %jmp T_0.10;
T_0.9 ;
    %load/vec4 v0000028d6f0a0350_0;
    %pad/u 32;
    %cmpi/u 20, 0, 32;
    %flag_inv 5; GE is !LT
    %jmp/0xz  T_0.11, 5;
    %load/vec4 v0000028d6f0a13e0_0;
    %cmpi/e 31, 0, 5;
    %jmp/0xz  T_0.13, 4;
    %pushi/vec4 0, 0, 32;
    %assign/vec4 v0000028d6f0a1160_0, 0;
    %pushi/vec4 1, 0, 1;
    %assign/vec4 v0000028d6f0a0a80_0, 0;
    %pushi/vec4 0, 0, 5;
    %assign/vec4 v0000028d6f0a0350_0, 0;
    %pushi/vec4 25, 0, 5;
    %assign/vec4 v0000028d6f0a13e0_0, 0;
    %jmp T_0.14;
T_0.13 ;
    %pushi/vec4 0, 0, 1;
    %assign/vec4 v0000028d6f0a0a80_0, 0;
    %pushi/vec4 1, 0, 5;
    %assign/vec4 v0000028d6f0a0350_0, 0;
    %load/vec4 v0000028d6f0a03f0_0;
    %parti/s 1, 25, 6;
    %flag_set/vec4 8;
    %jmp/0 T_0.15, 8;
    %pushi/vec4 3, 0, 32;
    %jmp/1 T_0.16, 8;
T_0.15 ; End of true expr.
    %pushi/vec4 2, 0, 32;
    %jmp/0 T_0.16, 8;
 ; End of false expr.
    %blend;
T_0.16;
    %cast2;
    %assign/vec4 v0000028d6f0a1160_0, 0;
    %pushi/vec4 24, 0, 5;
    %assign/vec4 v0000028d6f0a13e0_0, 0;
T_0.14 ;
    %jmp T_0.12;
T_0.11 ;
    %pushi/vec4 1, 0, 1;
    %assign/vec4 v0000028d6f0a0a80_0, 0;
    %load/vec4 v0000028d6f0a0350_0;
    %addi 1, 0, 5;
    %assign/vec4 v0000028d6f0a0350_0, 0;
T_0.12 ;
T_0.10 ;
    %jmp T_0.6;
T_0.3 ;
    %load/vec4 v0000028d6f0a0350_0;
    %cvt/rv;
    %pushi/real 1342177280, 4068; load=5.00000
    %cmp/wr;
    %jmp/0xz  T_0.17, 5;
    %pushi/vec4 0, 0, 1;
    %assign/vec4 v0000028d6f0a0a80_0, 0;
    %load/vec4 v0000028d6f0a0350_0;
    %addi 1, 0, 5;
    %assign/vec4 v0000028d6f0a0350_0, 0;
    %jmp T_0.18;
T_0.17 ;
    %load/vec4 v0000028d6f0a0350_0;
    %pad/u 32;
    %cmpi/u 20, 0, 32;
    %flag_inv 5; GE is !LT
    %jmp/0xz  T_0.19, 5;
    %load/vec4 v0000028d6f0a13e0_0;
    %cmpi/e 31, 0, 5;
    %jmp/0xz  T_0.21, 4;
    %pushi/vec4 1, 0, 32;
    %assign/vec4 v0000028d6f0a1160_0, 0;
    %jmp T_0.22;
T_0.21 ;
    %load/vec4 v0000028d6f0a03f0_0;
    %load/vec4 v0000028d6f0a13e0_0;
    %part/u 1;
    %flag_set/vec4 8;
    %jmp/0 T_0.23, 8;
    %pushi/vec4 3, 0, 32;
    %jmp/1 T_0.24, 8;
T_0.23 ; End of true expr.
    %pushi/vec4 2, 0, 32;
    %jmp/0 T_0.24, 8;
 ; End of false expr.
    %blend;
T_0.24;
    %cast2;
    %assign/vec4 v0000028d6f0a1160_0, 0;
    %load/vec4 v0000028d6f0a13e0_0;
    %subi 1, 0, 5;
    %assign/vec4 v0000028d6f0a13e0_0, 0;
T_0.22 ;
    %pushi/vec4 0, 0, 1;
    %assign/vec4 v0000028d6f0a0a80_0, 0;
    %pushi/vec4 1, 0, 5;
    %assign/vec4 v0000028d6f0a0350_0, 0;
    %jmp T_0.20;
T_0.19 ;
    %pushi/vec4 1, 0, 1;
    %assign/vec4 v0000028d6f0a0a80_0, 0;
    %load/vec4 v0000028d6f0a0350_0;
    %addi 1, 0, 5;
    %assign/vec4 v0000028d6f0a0350_0, 0;
T_0.20 ;
T_0.18 ;
    %jmp T_0.6;
T_0.4 ;
    %load/vec4 v0000028d6f0a0350_0;
    %cvt/rv;
    %pushi/real 2013265920, 4069; load=15.0000
    %cmp/wr;
    %jmp/0xz  T_0.25, 5;
    %pushi/vec4 0, 0, 1;
    %assign/vec4 v0000028d6f0a0a80_0, 0;
    %load/vec4 v0000028d6f0a0350_0;
    %addi 1, 0, 5;
    %assign/vec4 v0000028d6f0a0350_0, 0;
    %jmp T_0.26;
T_0.25 ;
    %load/vec4 v0000028d6f0a0350_0;
    %pad/u 32;
    %cmpi/u 20, 0, 32;
    %flag_inv 5; GE is !LT
    %jmp/0xz  T_0.27, 5;
    %load/vec4 v0000028d6f0a13e0_0;
    %cmpi/e 31, 0, 5;
    %jmp/0xz  T_0.29, 4;
    %pushi/vec4 1, 0, 32;
    %assign/vec4 v0000028d6f0a1160_0, 0;
    %jmp T_0.30;
T_0.29 ;
    %load/vec4 v0000028d6f0a03f0_0;
    %load/vec4 v0000028d6f0a13e0_0;
    %part/u 1;
    %flag_set/vec4 8;
    %jmp/0 T_0.31, 8;
    %pushi/vec4 3, 0, 32;
    %jmp/1 T_0.32, 8;
T_0.31 ; End of true expr.
    %pushi/vec4 2, 0, 32;
    %jmp/0 T_0.32, 8;
 ; End of false expr.
    %blend;
T_0.32;
    %cast2;
    %assign/vec4 v0000028d6f0a1160_0, 0;
    %load/vec4 v0000028d6f0a13e0_0;
    %subi 1, 0, 5;
    %assign/vec4 v0000028d6f0a13e0_0, 0;
T_0.30 ;
    %pushi/vec4 0, 0, 1;
    %assign/vec4 v0000028d6f0a0a80_0, 0;
    %pushi/vec4 1, 0, 5;
    %assign/vec4 v0000028d6f0a0350_0, 0;
    %jmp T_0.28;
T_0.27 ;
    %pushi/vec4 1, 0, 1;
    %assign/vec4 v0000028d6f0a0a80_0, 0;
    %load/vec4 v0000028d6f0a0350_0;
    %addi 1, 0, 5;
    %assign/vec4 v0000028d6f0a0350_0, 0;
T_0.28 ;
T_0.26 ;
    %jmp T_0.6;
T_0.6 ;
    %pop/vec4 1;
T_0.1 ;
    %jmp T_0;
    .thread T_0;
    .scope S_0000028d6f01baa0;
T_1 ;
    %wait E_0000028d6f03dc20;
    %load/vec4 v0000028d6f01bd70_0;
    %flag_set/vec4 8;
    %jmp/0xz  T_1.0, 8;
    %pushi/vec4 0, 0, 1;
    %assign/vec4 v0000028d6f01bcd0_0, 0;
    %pushi/vec4 0, 0, 26;
    %assign/vec4 v0000028d6efd30f0_0, 0;
    %pushi/vec4 0, 0, 5;
    %assign/vec4 v0000028d6f046770_0, 0;
    %pushi/vec4 0, 0, 26;
    %assign/vec4 v0000028d6f00f170_0, 0;
    %pushi/vec4 25, 0, 5;
    %assign/vec4 v0000028d6f00f210_0, 0;
    %jmp T_1.1;
T_1.0 ;
    %load/vec4 v0000028d6f01be10_0;
    %dup/vec4;
    %pushi/vec4 1, 0, 32;
    %cmp/u;
    %jmp/1 T_1.2, 6;
    %dup/vec4;
    %pushi/vec4 2, 0, 32;
    %cmp/u;
    %jmp/1 T_1.3, 6;
    %dup/vec4;
    %pushi/vec4 3, 0, 32;
    %cmp/u;
    %jmp/1 T_1.4, 6;
    %dup/vec4;
    %pushi/vec4 4, 0, 32;
    %cmp/u;
    %jmp/1 T_1.5, 6;
    %dup/vec4;
    %pushi/vec4 5, 0, 32;
    %cmp/u;
    %jmp/1 T_1.6, 6;
    %dup/vec4;
    %pushi/vec4 6, 0, 32;
    %cmp/u;
    %jmp/1 T_1.7, 6;
    %load/vec4 v0000028d6f01bc30_0;
    %nor/r;
    %flag_set/vec4 8;
    %jmp/0xz  T_1.10, 8;
    %pushi/vec4 25, 0, 5;
    %assign/vec4 v0000028d6f00f210_0, 0;
    %pushi/vec4 1, 0, 5;
    %assign/vec4 v0000028d6f046770_0, 0;
    %pushi/vec4 1, 0, 32;
    %assign/vec4 v0000028d6f01be10_0, 0;
T_1.10 ;
    %pushi/vec4 0, 0, 1;
    %assign/vec4 v0000028d6f01bcd0_0, 0;
    %jmp T_1.9;
T_1.2 ;
    %load/vec4 v0000028d6f01bc30_0;
    %flag_set/vec4 8;
    %jmp/0xz  T_1.12, 8;
    %pushi/real 1073741824, 4069; load=8.00000
    %load/vec4 v0000028d6f046770_0;
    %cvt/rv;
    %cmp/wr;
    %flag_or 5, 4;
    %flag_get/vec4 5;
    %jmp/0 T_1.16, 5;
    %load/vec4 v0000028d6f046770_0;
    %cvt/rv;
    %pushi/real 1610612736, 4069; load=12.0000
    %cmp/wr;
    %flag_get/vec4 4;
    %flag_get/vec4 5;
    %or;
    %and;
T_1.16;
    %flag_set/vec4 8;
    %jmp/0xz  T_1.14, 8;
    %pushi/vec4 2, 0, 32;
    %assign/vec4 v0000028d6f01be10_0, 0;
    %pushi/vec4 1, 0, 5;
    %assign/vec4 v0000028d6f046770_0, 0;
    %jmp T_1.15;
T_1.14 ;
    %pushi/vec4 0, 0, 32;
    %assign/vec4 v0000028d6f01be10_0, 0;
T_1.15 ;
    %jmp T_1.13;
T_1.12 ;
    %pushi/real 1610612736, 4069; load=12.0000
    %load/vec4 v0000028d6f046770_0;
    %cvt/rv;
    %cmp/wr;
    %jmp/0xz  T_1.17, 5;
    %pushi/vec4 0, 0, 32;
    %assign/vec4 v0000028d6f01be10_0, 0;
    %jmp T_1.18;
T_1.17 ;
    %load/vec4 v0000028d6f046770_0;
    %addi 1, 0, 5;
    %assign/vec4 v0000028d6f046770_0, 0;
T_1.18 ;
T_1.13 ;
    %jmp T_1.9;
T_1.3 ;
    %load/vec4 v0000028d6f01bc30_0;
    %nor/r;
    %flag_set/vec4 8;
    %jmp/0xz  T_1.19, 8;
    %pushi/real 1073741824, 4069; load=8.00000
    %load/vec4 v0000028d6f046770_0;
    %cvt/rv;
    %cmp/wr;
    %flag_or 5, 4;
    %flag_get/vec4 5;
    %jmp/0 T_1.23, 5;
    %load/vec4 v0000028d6f046770_0;
    %cvt/rv;
    %pushi/real 1610612736, 4069; load=12.0000
    %cmp/wr;
    %flag_get/vec4 4;
    %flag_get/vec4 5;
    %or;
    %and;
T_1.23;
    %flag_set/vec4 8;
    %jmp/0xz  T_1.21, 8;
    %pushi/vec4 3, 0, 32;
    %assign/vec4 v0000028d6f01be10_0, 0;
    %pushi/vec4 1, 0, 5;
    %assign/vec4 v0000028d6f046770_0, 0;
    %jmp T_1.22;
T_1.21 ;
    %pushi/vec4 0, 0, 32;
    %assign/vec4 v0000028d6f01be10_0, 0;
T_1.22 ;
    %jmp T_1.20;
T_1.19 ;
    %pushi/real 1610612736, 4069; load=12.0000
    %load/vec4 v0000028d6f046770_0;
    %cvt/rv;
    %cmp/wr;
    %jmp/0xz  T_1.24, 5;
    %pushi/vec4 0, 0, 32;
    %assign/vec4 v0000028d6f01be10_0, 0;
    %jmp T_1.25;
T_1.24 ;
    %load/vec4 v0000028d6f046770_0;
    %addi 1, 0, 5;
    %assign/vec4 v0000028d6f046770_0, 0;
T_1.25 ;
T_1.20 ;
    %jmp T_1.9;
T_1.4 ;
    %load/vec4 v0000028d6f01bc30_0;
    %flag_set/vec4 8;
    %jmp/0xz  T_1.26, 8;
    %pushi/real 1610612736, 4067; load=3.00000
    %load/vec4 v0000028d6f046770_0;
    %cvt/rv;
    %cmp/wr;
    %flag_or 5, 4;
    %flag_get/vec4 5;
    %jmp/0 T_1.30, 5;
    %load/vec4 v0000028d6f046770_0;
    %cvt/rv;
    %pushi/real 1879048192, 4068; load=7.00000
    %cmp/wr;
    %flag_get/vec4 4;
    %flag_get/vec4 5;
    %or;
    %and;
T_1.30;
    %flag_set/vec4 8;
    %jmp/0xz  T_1.28, 8;
    %pushi/vec4 4, 0, 32;
    %assign/vec4 v0000028d6f01be10_0, 0;
    %pushi/vec4 1, 0, 5;
    %assign/vec4 v0000028d6f046770_0, 0;
    %jmp T_1.29;
T_1.28 ;
    %pushi/real 1744830464, 4069; load=13.0000
    %load/vec4 v0000028d6f046770_0;
    %cvt/rv;
    %cmp/wr;
    %flag_or 5, 4;
    %flag_get/vec4 5;
    %jmp/0 T_1.33, 5;
    %load/vec4 v0000028d6f046770_0;
    %cvt/rv;
    %pushi/real 1140850688, 4070; load=17.0000
    %cmp/wr;
    %flag_get/vec4 4;
    %flag_get/vec4 5;
    %or;
    %and;
T_1.33;
    %flag_set/vec4 8;
    %jmp/0xz  T_1.31, 8;
    %pushi/vec4 5, 0, 32;
    %assign/vec4 v0000028d6f01be10_0, 0;
    %pushi/vec4 1, 0, 5;
    %assign/vec4 v0000028d6f046770_0, 0;
    %jmp T_1.32;
T_1.31 ;
    %pushi/vec4 0, 0, 32;
    %assign/vec4 v0000028d6f01be10_0, 0;
T_1.32 ;
T_1.29 ;
    %jmp T_1.27;
T_1.26 ;
    %pushi/real 1140850688, 4070; load=17.0000
    %load/vec4 v0000028d6f046770_0;
    %cvt/rv;
    %cmp/wr;
    %jmp/0xz  T_1.34, 5;
    %pushi/vec4 0, 0, 32;
    %assign/vec4 v0000028d6f01be10_0, 0;
    %jmp T_1.35;
T_1.34 ;
    %load/vec4 v0000028d6f046770_0;
    %addi 1, 0, 5;
    %assign/vec4 v0000028d6f046770_0, 0;
T_1.35 ;
T_1.27 ;
    %jmp T_1.9;
T_1.5 ;
    %load/vec4 v0000028d6f01bc30_0;
    %nor/r;
    %flag_set/vec4 8;
    %jmp/0xz  T_1.36, 8;
    %pushi/real 1744830464, 4069; load=13.0000
    %load/vec4 v0000028d6f046770_0;
    %cvt/rv;
    %cmp/wr;
    %flag_or 5, 4;
    %flag_get/vec4 5;
    %jmp/0 T_1.40, 5;
    %load/vec4 v0000028d6f046770_0;
    %cvt/rv;
    %pushi/real 1140850688, 4070; load=17.0000
    %cmp/wr;
    %flag_get/vec4 4;
    %flag_get/vec4 5;
    %or;
    %and;
T_1.40;
    %flag_set/vec4 8;
    %jmp/0xz  T_1.38, 8;
    %pushi/vec4 0, 0, 1;
    %ix/load 5, 0, 0;
    %ix/getv 4, v0000028d6f00f210_0;
    %assign/vec4/off/d v0000028d6f00f170_0, 4, 5;
    %load/vec4 v0000028d6f00f210_0;
    %pad/u 32;
    %cmpi/e 0, 0, 32;
    %jmp/0xz  T_1.41, 4;
    %pushi/vec4 6, 0, 32;
    %assign/vec4 v0000028d6f01be10_0, 0;
    %jmp T_1.42;
T_1.41 ;
    %load/vec4 v0000028d6f00f210_0;
    %subi 1, 0, 5;
    %assign/vec4 v0000028d6f00f210_0, 0;
    %pushi/vec4 3, 0, 32;
    %assign/vec4 v0000028d6f01be10_0, 0;
T_1.42 ;
    %pushi/vec4 1, 0, 5;
    %assign/vec4 v0000028d6f046770_0, 0;
    %jmp T_1.39;
T_1.38 ;
    %pushi/vec4 0, 0, 32;
    %assign/vec4 v0000028d6f01be10_0, 0;
T_1.39 ;
    %jmp T_1.37;
T_1.36 ;
    %pushi/real 1140850688, 4070; load=17.0000
    %load/vec4 v0000028d6f046770_0;
    %cvt/rv;
    %cmp/wr;
    %jmp/0xz  T_1.43, 5;
    %pushi/vec4 0, 0, 32;
    %assign/vec4 v0000028d6f01be10_0, 0;
    %jmp T_1.44;
T_1.43 ;
    %load/vec4 v0000028d6f046770_0;
    %addi 1, 0, 5;
    %assign/vec4 v0000028d6f046770_0, 0;
T_1.44 ;
T_1.37 ;
    %jmp T_1.9;
T_1.6 ;
    %load/vec4 v0000028d6f01bc30_0;
    %nor/r;
    %flag_set/vec4 8;
    %jmp/0xz  T_1.45, 8;
    %pushi/real 1610612736, 4067; load=3.00000
    %load/vec4 v0000028d6f046770_0;
    %cvt/rv;
    %cmp/wr;
    %flag_or 5, 4;
    %flag_get/vec4 5;
    %jmp/0 T_1.49, 5;
    %load/vec4 v0000028d6f046770_0;
    %cvt/rv;
    %pushi/real 1879048192, 4068; load=7.00000
    %cmp/wr;
    %flag_get/vec4 4;
    %flag_get/vec4 5;
    %or;
    %and;
T_1.49;
    %flag_set/vec4 8;
    %jmp/0xz  T_1.47, 8;
    %pushi/vec4 1, 0, 1;
    %ix/load 5, 0, 0;
    %ix/getv 4, v0000028d6f00f210_0;
    %assign/vec4/off/d v0000028d6f00f170_0, 4, 5;
    %load/vec4 v0000028d6f00f210_0;
    %pad/u 32;
    %cmpi/e 0, 0, 32;
    %jmp/0xz  T_1.50, 4;
    %pushi/vec4 6, 0, 32;
    %assign/vec4 v0000028d6f01be10_0, 0;
    %jmp T_1.51;
T_1.50 ;
    %load/vec4 v0000028d6f00f210_0;
    %subi 1, 0, 5;
    %assign/vec4 v0000028d6f00f210_0, 0;
    %pushi/vec4 3, 0, 32;
    %assign/vec4 v0000028d6f01be10_0, 0;
T_1.51 ;
    %pushi/vec4 1, 0, 5;
    %assign/vec4 v0000028d6f046770_0, 0;
    %jmp T_1.48;
T_1.47 ;
    %pushi/vec4 0, 0, 32;
    %assign/vec4 v0000028d6f01be10_0, 0;
T_1.48 ;
    %jmp T_1.46;
T_1.45 ;
    %pushi/real 1879048192, 4068; load=7.00000
    %load/vec4 v0000028d6f046770_0;
    %cvt/rv;
    %cmp/wr;
    %jmp/0xz  T_1.52, 5;
    %pushi/vec4 0, 0, 32;
    %assign/vec4 v0000028d6f01be10_0, 0;
    %jmp T_1.53;
T_1.52 ;
    %load/vec4 v0000028d6f046770_0;
    %addi 1, 0, 5;
    %assign/vec4 v0000028d6f046770_0, 0;
T_1.53 ;
T_1.46 ;
    %jmp T_1.9;
T_1.7 ;
    %load/vec4 v0000028d6f01bc30_0;
    %flag_set/vec4 8;
    %jmp/0xz  T_1.54, 8;
    %pushi/vec4 0, 0, 32;
    %assign/vec4 v0000028d6f01be10_0, 0;
    %pushi/vec4 1, 0, 1;
    %assign/vec4 v0000028d6f01bcd0_0, 0;
    %load/vec4 v0000028d6f00f170_0;
    %assign/vec4 v0000028d6efd30f0_0, 0;
T_1.54 ;
    %jmp T_1.9;
T_1.9 ;
    %pop/vec4 1;
T_1.1 ;
    %jmp T_1;
    .thread T_1;
    .scope S_0000028d6f00efe0;
T_2 ;
    %delay 5000, 0;
    %load/vec4 v0000028d6f0a08a0_0;
    %nor/r;
    %store/vec4 v0000028d6f0a08a0_0, 0, 1;
    %load/vec4 v0000028d6f0a0e40_0;
    %nor/r;
    %store/vec4 v0000028d6f0a0e40_0, 0, 1;
    %jmp T_2;
    .thread T_2;
    .scope S_0000028d6f00efe0;
T_3 ;
    %vpi_call/w 3 31 "$dumpfile", "diff_rx_tb_2.vcd" {0 0 0};
    %vpi_call/w 3 32 "$dumpvars", 32'sb00000000000000000000000000000000, S_0000028d6f00efe0 {0 0 0};
    %vpi_call/w 3 33 "$display", "Starting Sim" {0 0 0};
    %pushi/vec4 0, 0, 1;
    %store/vec4 v0000028d6f0a08a0_0, 0, 1;
    %pushi/vec4 1, 0, 1;
    %store/vec4 v0000028d6f0a0e40_0, 0, 1;
    %pushi/vec4 0, 0, 1;
    %store/vec4 v0000028d6f0a0b20_0, 0, 1;
    %pushi/vec4 0, 0, 1;
    %store/vec4 v0000028d6f0a09e0_0, 0, 1;
    %pushi/vec4 12464665, 0, 26;
    %store/vec4 v0000028d6f0a0da0_0, 0, 26;
    %delay 10000, 0;
    %pushi/vec4 1, 0, 1;
    %store/vec4 v0000028d6f0a0b20_0, 0, 1;
    %delay 10000, 0;
    %pushi/vec4 0, 0, 1;
    %store/vec4 v0000028d6f0a0b20_0, 0, 1;
    %delay 50000, 0;
    %pushi/vec4 1, 0, 1;
    %store/vec4 v0000028d6f0a09e0_0, 0, 1;
    %delay 10000, 0;
    %pushi/vec4 0, 0, 1;
    %store/vec4 v0000028d6f0a09e0_0, 0, 1;
    %vpi_call/w 3 49 "$display", "data_in = %26b", v0000028d6f0a0da0_0 {0 0 0};
    %delay 6000000, 0;
    %pushi/vec4 44941039, 0, 26;
    %store/vec4 v0000028d6f0a0da0_0, 0, 26;
    %delay 10000, 0;
    %pushi/vec4 1, 0, 1;
    %store/vec4 v0000028d6f0a0b20_0, 0, 1;
    %delay 10000, 0;
    %pushi/vec4 0, 0, 1;
    %store/vec4 v0000028d6f0a0b20_0, 0, 1;
    %delay 50000, 0;
    %pushi/vec4 1, 0, 1;
    %store/vec4 v0000028d6f0a09e0_0, 0, 1;
    %delay 10000, 0;
    %pushi/vec4 0, 0, 1;
    %store/vec4 v0000028d6f0a09e0_0, 0, 1;
    %vpi_call/w 3 62 "$display", "data_in = %26b", v0000028d6f0a0da0_0 {0 0 0};
    %delay 6000000, 0;
    %pushi/vec4 0, 0, 26;
    %store/vec4 v0000028d6f0a0da0_0, 0, 26;
    %delay 10000, 0;
    %pushi/vec4 1, 0, 1;
    %store/vec4 v0000028d6f0a0b20_0, 0, 1;
    %delay 10000, 0;
    %pushi/vec4 0, 0, 1;
    %store/vec4 v0000028d6f0a0b20_0, 0, 1;
    %delay 50000, 0;
    %pushi/vec4 1, 0, 1;
    %store/vec4 v0000028d6f0a09e0_0, 0, 1;
    %delay 10000, 0;
    %pushi/vec4 0, 0, 1;
    %store/vec4 v0000028d6f0a09e0_0, 0, 1;
    %vpi_call/w 3 75 "$display", "data_in = %26b", v0000028d6f0a0da0_0 {0 0 0};
    %delay 6000000, 0;
    %pushi/vec4 67108863, 0, 26;
    %store/vec4 v0000028d6f0a0da0_0, 0, 26;
    %delay 10000, 0;
    %pushi/vec4 1, 0, 1;
    %store/vec4 v0000028d6f0a0b20_0, 0, 1;
    %delay 10000, 0;
    %pushi/vec4 0, 0, 1;
    %store/vec4 v0000028d6f0a0b20_0, 0, 1;
    %delay 50000, 0;
    %pushi/vec4 1, 0, 1;
    %store/vec4 v0000028d6f0a09e0_0, 0, 1;
    %delay 10000, 0;
    %pushi/vec4 0, 0, 1;
    %store/vec4 v0000028d6f0a09e0_0, 0, 1;
    %vpi_call/w 3 88 "$display", "data_in = %26b", v0000028d6f0a0da0_0 {0 0 0};
    %delay 6000000, 0;
    %pushi/vec4 44739242, 0, 26;
    %store/vec4 v0000028d6f0a0da0_0, 0, 26;
    %delay 10000, 0;
    %pushi/vec4 1, 0, 1;
    %store/vec4 v0000028d6f0a0b20_0, 0, 1;
    %delay 10000, 0;
    %pushi/vec4 0, 0, 1;
    %store/vec4 v0000028d6f0a0b20_0, 0, 1;
    %delay 50000, 0;
    %pushi/vec4 1, 0, 1;
    %store/vec4 v0000028d6f0a09e0_0, 0, 1;
    %delay 10000, 0;
    %pushi/vec4 0, 0, 1;
    %store/vec4 v0000028d6f0a09e0_0, 0, 1;
    %vpi_call/w 3 101 "$display", "data_in = %26b", v0000028d6f0a0da0_0 {0 0 0};
    %delay 2000000, 0;
    %pushi/vec4 1, 0, 1;
    %store/vec4 v0000028d6f0a09e0_0, 0, 1;
    %delay 10000, 0;
    %pushi/vec4 0, 0, 1;
    %store/vec4 v0000028d6f0a09e0_0, 0, 1;
    %delay 4000000, 0;
    %vpi_call/w 3 109 "$display", "Finishing Sim" {0 0 0};
    %vpi_call/w 3 110 "$finish" {0 0 0};
    %end;
    .thread T_3;
# The file index is used to find the file name in the following table.
:file_names 6;
    "N/A";
    "<interactive>";
    "-";
    ".\sim\diff_rx_tb_2.sv";
    ".\hdl\diff_rx.sv";
    ".\hdl\diff_tx.sv";
