Copyright 1986-2022 Xilinx, Inc. All Rights Reserved. Copyright 2022-2023 Advanced Micro Devices, Inc. All Rights Reserved.
---------------------------------------------------------------------------------------------------------------------------------------------
| Tool Version : Vivado v.2023.1 (lin64) Build 3865809 Sun May  7 15:04:56 MDT 2023
| Date         : Thu Nov  9 21:09:11 2023
| Host         : worker running 64-bit Ubuntu 20.04.6 LTS
| Command      : report_timing -file obj/post_synth_timing.rpt
| Design       : top_level
| Device       : 7s50-csga324
| Speed File   : -1  PRODUCTION 1.23 2018-06-13
| Design State : Synthesized
---------------------------------------------------------------------------------------------------------------------------------------------

Timing Report

Slack (VIOLATED) :        -0.701ns  (required time - arrival time)
  Source:                 mvg/hcount_out_reg[3]/C
                            (rising edge-triggered cell FDRE clocked by clk_pixel_clk_wiz_0  {rise@0.000ns fall@6.734ns period=13.468ns})
  Destination:            canvas/frame_buff/BRAM_reg_0_0/WEA[0]
                            (rising edge-triggered cell RAMB36E1 clocked by clk_pixel_clk_wiz_0  {rise@0.000ns fall@6.734ns period=13.468ns})
  Path Group:             clk_pixel_clk_wiz_0
  Path Type:              Setup (Max at Slow Process Corner)
  Requirement:            13.468ns  (clk_pixel_clk_wiz_0 rise@13.468ns - clk_pixel_clk_wiz_0 rise@0.000ns)
  Data Path Delay:        13.324ns  (logic 8.142ns (61.108%)  route 5.182ns (38.892%))
  Logic Levels:           8  (CARRY4=4 DSP48E1=2 LUT2=1 LUT3=1)
  Clock Path Skew:        -0.145ns (DCD - SCD + CPR)
    Destination Clock Delay (DCD):    -2.063ns = ( 11.405 - 13.468 ) 
    Source Clock Delay      (SCD):    -1.388ns
    Clock Pessimism Removal (CPR):    0.530ns
  Clock Uncertainty:      0.168ns  ((TSJ^2 + DJ^2)^1/2) / 2 + PE
    Total System Jitter     (TSJ):    0.071ns
    Discrete Jitter          (DJ):    0.329ns
    Phase Error              (PE):    0.000ns

    Location             Delay type                Incr(ns)  Path(ns)    Netlist Resource(s)
  -------------------------------------------------------------------    -------------------
                         (clock clk_pixel_clk_wiz_0 rise edge)
                                                      0.000     0.000 r  
    N15                                               0.000     0.000 r  clk_100mhz (IN)
                         net (fo=0)                   0.000     0.000    mhdmicw/clk_100mhz
    N15                  IBUF (Prop_ibuf_I_O)         1.440     1.440 r  mhdmicw/clkin1_ibufg/O
                         net (fo=1, unplaced)         0.584     2.024    mhdmicw/clk_ref_clk_wiz_0
                         MMCME2_ADV (Prop_mmcme2_adv_CLKIN1_CLKOUT0)
                                                     -5.108    -3.083 r  mhdmicw/mmcm_adv_inst/CLKOUT0
                         net (fo=1, unplaced)         0.800    -2.284    mhdmicw/clk_pixel_clk_wiz_0
                         BUFG (Prop_bufg_I_O)         0.096    -2.188 r  mhdmicw/clkout1_buf/O
                         net (fo=233, unplaced)       0.800    -1.388    mvg/clk_pixel
                         FDRE                                         r  mvg/hcount_out_reg[3]/C
  -------------------------------------------------------------------    -------------------
                         FDRE (Prop_fdre_C_Q)         0.456    -0.932 r  mvg/hcount_out_reg[3]/Q
                         net (fo=4, unplaced)         0.670    -0.262    canvas/BRAM_reg_0_0_0[3]
                         CARRY4 (Prop_carry4_DI[3]_CO[3])
                                                      0.556     0.294 r  canvas/in_brush2_carry/CO[3]
                         net (fo=1, unplaced)         0.009     0.303    canvas/in_brush2_carry_n_0
                         CARRY4 (Prop_carry4_CI_CO[3])
                                                      0.114     0.417 r  canvas/in_brush2_carry__0/CO[3]
                         net (fo=1, unplaced)         0.000     0.417    canvas/in_brush2_carry__0_n_0
                         CARRY4 (Prop_carry4_CI_O[1])
                                                      0.348     0.765 r  canvas/in_brush2_carry__1/O[1]
                         net (fo=2, unplaced)         0.800     1.565    canvas/A[9]
                         DSP48E1 (Prop_dsp48e1_A[9]_P[9])
                                                      4.020     5.585 r  canvas/in_brush1/P[9]
                         net (fo=1, unplaced)         0.800     6.384    canvas/in_brush1_n_96
                         DSP48E1 (Prop_dsp48e1_C[9]_P[1])
                                                      1.820     8.204 f  canvas/in_brush0/P[1]
                         net (fo=1, unplaced)         0.800     9.004    canvas/frame_buff/P[1]
                         LUT2 (Prop_lut2_I1_O)        0.124     9.128 r  canvas/frame_buff/in_brush_carry_i_1/O
                         net (fo=1, unplaced)         0.333     9.461    canvas/frame_buff_n_6
                         CARRY4 (Prop_carry4_CYINIT_CO[3])
                                                      0.580    10.041 r  canvas/in_brush_carry/CO[3]
                         net (fo=32, unplaced)        0.971    11.012    mvg/CO[0]
                         LUT3 (Prop_lut3_I0_O)        0.124    11.136 r  mvg/BRAM_reg_0_0_i_5/O
                         net (fo=4, unplaced)         0.800    11.936    canvas/frame_buff/WEA[0]
                         RAMB36E1                                     r  canvas/frame_buff/BRAM_reg_0_0/WEA[0]
  -------------------------------------------------------------------    -------------------

                         (clock clk_pixel_clk_wiz_0 rise edge)
                                                     13.468    13.468 r  
    N15                                               0.000    13.468 r  clk_100mhz (IN)
                         net (fo=0)                   0.000    13.468    mhdmicw/clk_100mhz
    N15                  IBUF (Prop_ibuf_I_O)         1.370    14.838 r  mhdmicw/clkin1_ibufg/O
                         net (fo=1, unplaced)         0.439    15.277    mhdmicw/clk_ref_clk_wiz_0
                         MMCME2_ADV (Prop_mmcme2_adv_CLKIN1_CLKOUT0)
                                                     -5.378     9.899 r  mhdmicw/mmcm_adv_inst/CLKOUT0
                         net (fo=1, unplaced)         0.760    10.659    mhdmicw/clk_pixel_clk_wiz_0
                         BUFG (Prop_bufg_I_O)         0.091    10.750 r  mhdmicw/clkout1_buf/O
                         net (fo=233, unplaced)       0.655    11.405    canvas/frame_buff/clk_pixel
                         RAMB36E1                                     r  canvas/frame_buff/BRAM_reg_0_0/CLKARDCLK
                         clock pessimism              0.530    11.935    
                         clock uncertainty           -0.168    11.767    
                         RAMB36E1 (Setup_ramb36e1_CLKARDCLK_WEA[0])
                                                     -0.532    11.235    canvas/frame_buff/BRAM_reg_0_0
  -------------------------------------------------------------------
                         required time                         11.235    
                         arrival time                         -11.936    
  -------------------------------------------------------------------
                         slack                                 -0.701    




